0 info it worked if it ends with ok
1 verbose cli [ '/usr/bin/nodejs', '/usr/local/bin/npm', 'i', '-g', 'stylus' ]
2 info using npm@3.3.12
3 info using node@v5.4.1
4 silly loadCurrentTree Starting
5 silly install loadCurrentTree
6 silly install readGlobalPackageData
7 silly fetchPackageMetaData stylus
8 silly fetchNamedPackageData stylus
9 silly mapToRegistry name stylus
10 silly mapToRegistry using default registry
11 silly mapToRegistry registry https://registry.npmjs.org/
12 silly mapToRegistry uri https://registry.npmjs.org/stylus
13 verbose request uri https://registry.npmjs.org/stylus
14 verbose request no auth needed
15 info attempt registry request try #1 at 17:49:09
16 verbose request id d8da119910ff0c40
17 verbose etag "EJZ92NIO19EJQNH2S6VSV1B7Z"
18 http request GET https://registry.npmjs.org/stylus
19 http 304 https://registry.npmjs.org/stylus
20 verbose headers { date: 'Mon, 08 Feb 2016 21:48:30 GMT',
20 verbose headers   via: '1.1 varnish',
20 verbose headers   'cache-control': 'max-age=300',
20 verbose headers   etag: '"EJZ92NIO19EJQNH2S6VSV1B7Z"',
20 verbose headers   age: '152',
20 verbose headers   connection: 'keep-alive',
20 verbose headers   'x-served-by': 'cache-jfk1045-JFK',
20 verbose headers   'x-cache': 'HIT',
20 verbose headers   'x-cache-hits': '1',
20 verbose headers   'x-timer': 'S1454968110.298406,VS0,VE0',
20 verbose headers   vary: 'Accept' }
21 silly get cb [ 304,
21 silly get   { date: 'Mon, 08 Feb 2016 21:48:30 GMT',
21 silly get     via: '1.1 varnish',
21 silly get     'cache-control': 'max-age=300',
21 silly get     etag: '"EJZ92NIO19EJQNH2S6VSV1B7Z"',
21 silly get     age: '152',
21 silly get     connection: 'keep-alive',
21 silly get     'x-served-by': 'cache-jfk1045-JFK',
21 silly get     'x-cache': 'HIT',
21 silly get     'x-cache-hits': '1',
21 silly get     'x-timer': 'S1454968110.298406,VS0,VE0',
21 silly get     vary: 'Accept' } ]
22 verbose etag https://registry.npmjs.org/stylus from cache
23 verbose get saving stylus to /home/victorigor/.npm/registry.npmjs.org/stylus/.cache.json
24 silly install normalizeTree
25 silly loadCurrentTree Finishing
26 silly loadIdealTree Starting
27 silly install loadIdealTree
28 silly cloneCurrentTree Starting
29 silly install cloneCurrentTreeToIdealTree
30 silly cloneCurrentTree Finishing
31 silly loadShrinkwrap Starting
32 silly install loadShrinkwrap
33 silly loadShrinkwrap Finishing
34 silly loadAllDepsIntoIdealTree Starting
35 silly install loadAllDepsIntoIdealTree
36 silly resolveWithNewModule stylus@0.53.0 checking installable status
37 silly cache add args [ 'stylus', null ]
38 verbose cache add spec stylus
39 silly cache add parsed spec Result {
39 silly cache add   raw: 'stylus',
39 silly cache add   scope: null,
39 silly cache add   name: 'stylus',
39 silly cache add   rawSpec: '',
39 silly cache add   spec: '*',
39 silly cache add   type: 'range' }
40 silly addNamed stylus@*
41 verbose addNamed "*" is a valid semver range for stylus
42 silly addNameRange { name: 'stylus', range: '*', hasData: false }
43 silly mapToRegistry name stylus
44 silly mapToRegistry using default registry
45 silly mapToRegistry registry https://registry.npmjs.org/
46 silly mapToRegistry uri https://registry.npmjs.org/stylus
47 verbose addNameRange registry:https://registry.npmjs.org/stylus not in flight; fetching
48 verbose get https://registry.npmjs.org/stylus not expired, no request
49 silly addNameRange number 2 { name: 'stylus', range: '*', hasData: true }
50 silly addNameRange versions [ 'stylus',
50 silly addNameRange   [ '0.0.1',
50 silly addNameRange     '0.0.2',
50 silly addNameRange     '0.1.0',
50 silly addNameRange     '0.2.0',
50 silly addNameRange     '0.2.1',
50 silly addNameRange     '0.3.0',
50 silly addNameRange     '0.3.1',
50 silly addNameRange     '0.4.0',
50 silly addNameRange     '0.4.1',
50 silly addNameRange     '0.5.0',
50 silly addNameRange     '0.5.1',
50 silly addNameRange     '0.5.2',
50 silly addNameRange     '0.5.3',
50 silly addNameRange     '0.6.0',
50 silly addNameRange     '0.6.2',
50 silly addNameRange     '0.6.3',
50 silly addNameRange     '0.6.4',
50 silly addNameRange     '0.6.5',
50 silly addNameRange     '0.6.6',
50 silly addNameRange     '0.6.7',
50 silly addNameRange     '0.7.0',
50 silly addNameRange     '0.7.1',
50 silly addNameRange     '0.7.2',
50 silly addNameRange     '0.7.3',
50 silly addNameRange     '0.7.4',
50 silly addNameRange     '0.8.0',
50 silly addNameRange     '0.9.0',
50 silly addNameRange     '0.9.1',
50 silly addNameRange     '0.9.2',
50 silly addNameRange     '0.10.0',
50 silly addNameRange     '0.11.0',
50 silly addNameRange     '0.11.1',
50 silly addNameRange     '0.11.2',
50 silly addNameRange     '0.11.3',
50 silly addNameRange     '0.11.4',
50 silly addNameRange     '0.11.5',
50 silly addNameRange     '0.11.6',
50 silly addNameRange     '0.11.7',
50 silly addNameRange     '0.11.8',
50 silly addNameRange     '0.11.9',
50 silly addNameRange     '0.11.10',
50 silly addNameRange     '0.11.11',
50 silly addNameRange     '0.11.12',
50 silly addNameRange     '0.12.0',
50 silly addNameRange     '0.12.1',
50 silly addNameRange     '0.12.2',
50 silly addNameRange     '0.12.3',
50 silly addNameRange     '0.12.4',
50 silly addNameRange     '0.13.0',
50 silly addNameRange     '0.13.1',
50 silly addNameRange     '0.13.2',
50 silly addNameRange     '0.13.3',
50 silly addNameRange     '0.13.4',
50 silly addNameRange     '0.13.5',
50 silly addNameRange     '0.13.6',
50 silly addNameRange     '0.13.7',
50 silly addNameRange     '0.13.8',
50 silly addNameRange     '0.13.9',
50 silly addNameRange     '0.14.0',
50 silly addNameRange     '0.15.0',
50 silly addNameRange     '0.15.1',
50 silly addNameRange     '0.15.2',
50 silly addNameRange     '0.15.3',
50 silly addNameRange     '0.15.4',
50 silly addNameRange     '0.16.0',
50 silly addNameRange     '0.17.0',
50 silly addNameRange     '0.18.0',
50 silly addNameRange     '0.19.0',
50 silly addNameRange     '0.19.1',
50 silly addNameRange     '0.19.2',
50 silly addNameRange     '0.19.3',
50 silly addNameRange     '0.19.4',
50 silly addNameRange     '0.19.5',
50 silly addNameRange     '0.19.6',
50 silly addNameRange     '0.19.7',
50 silly addNameRange     '0.19.8',
50 silly addNameRange     '0.20.0',
50 silly addNameRange     '0.20.1',
50 silly addNameRange     '0.21.0',
50 silly addNameRange     '0.21.1',
50 silly addNameRange     '0.21.2',
50 silly addNameRange     '0.22.0',
50 silly addNameRange     '0.22.1',
50 silly addNameRange     '0.22.2',
50 silly addNameRange     '0.22.3',
50 silly addNameRange     '0.22.4',
50 silly addNameRange     '0.22.5',
50 silly addNameRange     '0.22.6',
50 silly addNameRange     '0.23.0',
50 silly addNameRange     '0.24.0',
50 silly addNameRange     '0.25.0',
50 silly addNameRange     '0.26.0',
50 silly addNameRange     '0.26.1',
50 silly addNameRange     '0.27.0',
50 silly addNameRange     '0.27.1',
50 silly addNameRange     '0.27.2',
50 silly addNameRange     '0.28.0',
50 silly addNameRange     '0.28.1',
50 silly addNameRange     '0.28.2',
50 silly addNameRange     '0.29.0',
50 silly addNameRange     '0.30.0',
50 silly addNameRange     '0.30.1',
50 silly addNameRange     '0.31.0',
50 silly addNameRange     '0.32.0',
50 silly addNameRange     '0.32.1',
50 silly addNameRange     '0.33.0',
50 silly addNameRange     '0.33.1',
50 silly addNameRange     '0.34.0',
50 silly addNameRange     '0.34.1',
50 silly addNameRange     '0.35.0',
50 silly addNameRange     '0.35.1',
50 silly addNameRange     '0.36.0',
50 silly addNameRange     '0.36.1',
50 silly addNameRange     '0.37.0',
50 silly addNameRange     '0.38.0',
50 silly addNameRange     '0.39.0',
50 silly addNameRange     '0.39.1',
50 silly addNameRange     '0.39.2',
50 silly addNameRange     '0.39.3',
50 silly addNameRange     '0.39.4',
50 silly addNameRange     '0.40.0',
50 silly addNameRange     '0.40.1',
50 silly addNameRange     '0.40.2',
50 silly addNameRange     '0.40.3',
50 silly addNameRange     '0.41.0',
50 silly addNameRange     '0.41.1',
50 silly addNameRange     '0.41.2',
50 silly addNameRange     '0.41.3',
50 silly addNameRange     '0.42.0',
50 silly addNameRange     '0.42.1',
50 silly addNameRange     '0.42.2',
50 silly addNameRange     '0.42.3',
50 silly addNameRange     '0.43.0',
50 silly addNameRange     '0.44.0-beta',
50 silly addNameRange     '0.43.1',
50 silly addNameRange     '0.44.0-beta2',
50 silly addNameRange     '0.44.0-beta3',
50 silly addNameRange     '0.44.0',
50 silly addNameRange     '0.45.0',
50 silly addNameRange     '0.45.1',
50 silly addNameRange     '0.46.0',
50 silly addNameRange     '0.46.1',
50 silly addNameRange     '0.46.2',
50 silly addNameRange     '0.46.3',
50 silly addNameRange     '0.47.0',
50 silly addNameRange     '0.47.1',
50 silly addNameRange     '0.47.2',
50 silly addNameRange     '0.47.3',
50 silly addNameRange     '0.48.0',
50 silly addNameRange     '0.48.1',
50 silly addNameRange     '0.49.0',
50 silly addNameRange     '0.49.1',
50 silly addNameRange     '0.49.2',
50 silly addNameRange     '0.49.3',
50 silly addNameRange     '0.50.0',
50 silly addNameRange     '0.51.0',
50 silly addNameRange     '0.51.1',
50 silly addNameRange     '0.52.0-alpha',
50 silly addNameRange     '0.52.0',
50 silly addNameRange     '0.52.1',
50 silly addNameRange     '0.52.2',
50 silly addNameRange     '0.52.3',
50 silly addNameRange     '0.52.4',
50 silly addNameRange     '0.53.0' ] ]
51 silly addNamed stylus@0.53.0
52 verbose addNamed "0.53.0" is a plain semver version for stylus
53 silly cache afterAdd stylus@0.53.0
54 verbose afterAdd /home/victorigor/.npm/stylus/0.53.0/package/package.json not in flight; writing
55 verbose afterAdd /home/victorigor/.npm/stylus/0.53.0/package/package.json written
56 silly fetchNamedPackageData css-parse
57 silly mapToRegistry name css-parse
58 silly mapToRegistry using default registry
59 silly mapToRegistry registry https://registry.npmjs.org/
60 silly mapToRegistry uri https://registry.npmjs.org/css-parse
61 silly fetchNamedPackageData mkdirp
62 silly mapToRegistry name mkdirp
63 silly mapToRegistry using default registry
64 silly mapToRegistry registry https://registry.npmjs.org/
65 silly mapToRegistry uri https://registry.npmjs.org/mkdirp
66 silly fetchNamedPackageData debug
67 silly mapToRegistry name debug
68 silly mapToRegistry using default registry
69 silly mapToRegistry registry https://registry.npmjs.org/
70 silly mapToRegistry uri https://registry.npmjs.org/debug
71 silly fetchNamedPackageData sax
72 silly mapToRegistry name sax
73 silly mapToRegistry using default registry
74 silly mapToRegistry registry https://registry.npmjs.org/
75 silly mapToRegistry uri https://registry.npmjs.org/sax
76 silly fetchNamedPackageData glob
77 silly mapToRegistry name glob
78 silly mapToRegistry using default registry
79 silly mapToRegistry registry https://registry.npmjs.org/
80 silly mapToRegistry uri https://registry.npmjs.org/glob
81 silly fetchNamedPackageData source-map
82 silly mapToRegistry name source-map
83 silly mapToRegistry using default registry
84 silly mapToRegistry registry https://registry.npmjs.org/
85 silly mapToRegistry uri https://registry.npmjs.org/source-map
86 verbose request uri https://registry.npmjs.org/css-parse
87 verbose request no auth needed
88 info attempt registry request try #1 at 17:49:11
89 verbose etag "B0K5SNHPPM9SNIXC9HMS7O0B6"
90 http request GET https://registry.npmjs.org/css-parse
91 verbose request uri https://registry.npmjs.org/mkdirp
92 verbose request no auth needed
93 info attempt registry request try #1 at 17:49:11
94 verbose etag "1UN03C3R3QL9SB0C2XYE052R5"
95 http request GET https://registry.npmjs.org/mkdirp
96 verbose request uri https://registry.npmjs.org/debug
97 verbose request no auth needed
98 info attempt registry request try #1 at 17:49:11
99 verbose etag "N4XFRFT84T7YARCJWXQACQ8E"
100 http request GET https://registry.npmjs.org/debug
101 verbose request uri https://registry.npmjs.org/sax
102 verbose request no auth needed
103 info attempt registry request try #1 at 17:49:11
104 verbose etag "9OITOG9HOJXJUBFW6YO1EVGXW"
105 http request GET https://registry.npmjs.org/sax
106 verbose request uri https://registry.npmjs.org/source-map
107 verbose request no auth needed
108 info attempt registry request try #1 at 17:49:11
109 verbose etag "X4KKFAC6YYZSKCIGZLNOI8Y1"
110 http request GET https://registry.npmjs.org/source-map
111 verbose request uri https://registry.npmjs.org/glob
112 verbose request no auth needed
113 info attempt registry request try #1 at 17:49:11
114 verbose etag "AEVPOX1EDFC5M71KBLT9Z6MHB"
115 http request GET https://registry.npmjs.org/glob
116 http 304 https://registry.npmjs.org/sax
117 verbose headers { date: 'Mon, 08 Feb 2016 21:48:31 GMT',
117 verbose headers   via: '1.1 varnish',
117 verbose headers   'cache-control': 'max-age=300',
117 verbose headers   etag: '"9OITOG9HOJXJUBFW6YO1EVGXW"',
117 verbose headers   age: '188',
117 verbose headers   connection: 'keep-alive',
117 verbose headers   'x-served-by': 'cache-jfk1044-JFK',
117 verbose headers   'x-cache': 'HIT',
117 verbose headers   'x-cache-hits': '3',
117 verbose headers   'x-timer': 'S1454968111.273056,VS0,VE0',
117 verbose headers   vary: 'Accept' }
118 silly get cb [ 304,
118 silly get   { date: 'Mon, 08 Feb 2016 21:48:31 GMT',
118 silly get     via: '1.1 varnish',
118 silly get     'cache-control': 'max-age=300',
118 silly get     etag: '"9OITOG9HOJXJUBFW6YO1EVGXW"',
118 silly get     age: '188',
118 silly get     connection: 'keep-alive',
118 silly get     'x-served-by': 'cache-jfk1044-JFK',
118 silly get     'x-cache': 'HIT',
118 silly get     'x-cache-hits': '3',
118 silly get     'x-timer': 'S1454968111.273056,VS0,VE0',
118 silly get     vary: 'Accept' } ]
119 verbose etag https://registry.npmjs.org/sax from cache
120 verbose get saving sax to /home/victorigor/.npm/registry.npmjs.org/sax/.cache.json
121 http 304 https://registry.npmjs.org/css-parse
122 verbose headers { date: 'Mon, 08 Feb 2016 21:48:31 GMT',
122 verbose headers   via: '1.1 varnish',
122 verbose headers   'cache-control': 'max-age=300',
122 verbose headers   etag: '"B0K5SNHPPM9SNIXC9HMS7O0B6"',
122 verbose headers   age: '238',
122 verbose headers   connection: 'keep-alive',
122 verbose headers   'x-served-by': 'cache-jfk1025-JFK',
122 verbose headers   'x-cache': 'HIT',
122 verbose headers   'x-cache-hits': '2',
122 verbose headers   'x-timer': 'S1454968111.281819,VS0,VE0',
122 verbose headers   vary: 'Accept' }
123 silly get cb [ 304,
123 silly get   { date: 'Mon, 08 Feb 2016 21:48:31 GMT',
123 silly get     via: '1.1 varnish',
123 silly get     'cache-control': 'max-age=300',
123 silly get     etag: '"B0K5SNHPPM9SNIXC9HMS7O0B6"',
123 silly get     age: '238',
123 silly get     connection: 'keep-alive',
123 silly get     'x-served-by': 'cache-jfk1025-JFK',
123 silly get     'x-cache': 'HIT',
123 silly get     'x-cache-hits': '2',
123 silly get     'x-timer': 'S1454968111.281819,VS0,VE0',
123 silly get     vary: 'Accept' } ]
124 verbose etag https://registry.npmjs.org/css-parse from cache
125 verbose get saving css-parse to /home/victorigor/.npm/registry.npmjs.org/css-parse/.cache.json
126 http 304 https://registry.npmjs.org/debug
127 verbose headers { date: 'Mon, 08 Feb 2016 21:48:31 GMT',
127 verbose headers   via: '1.1 varnish',
127 verbose headers   'cache-control': 'max-age=300',
127 verbose headers   etag: '"N4XFRFT84T7YARCJWXQACQ8E"',
127 verbose headers   age: '154',
127 verbose headers   connection: 'keep-alive',
127 verbose headers   'x-served-by': 'cache-jfk1024-JFK',
127 verbose headers   'x-cache': 'HIT',
127 verbose headers   'x-cache-hits': '16',
127 verbose headers   'x-timer': 'S1454968111.281430,VS0,VE0',
127 verbose headers   vary: 'Accept' }
128 silly get cb [ 304,
128 silly get   { date: 'Mon, 08 Feb 2016 21:48:31 GMT',
128 silly get     via: '1.1 varnish',
128 silly get     'cache-control': 'max-age=300',
128 silly get     etag: '"N4XFRFT84T7YARCJWXQACQ8E"',
128 silly get     age: '154',
128 silly get     connection: 'keep-alive',
128 silly get     'x-served-by': 'cache-jfk1024-JFK',
128 silly get     'x-cache': 'HIT',
128 silly get     'x-cache-hits': '16',
128 silly get     'x-timer': 'S1454968111.281430,VS0,VE0',
128 silly get     vary: 'Accept' } ]
129 verbose etag https://registry.npmjs.org/debug from cache
130 verbose get saving debug to /home/victorigor/.npm/registry.npmjs.org/debug/.cache.json
131 http 304 https://registry.npmjs.org/source-map
132 verbose headers { date: 'Mon, 08 Feb 2016 21:48:31 GMT',
132 verbose headers   via: '1.1 varnish',
132 verbose headers   'cache-control': 'max-age=300',
132 verbose headers   etag: '"X4KKFAC6YYZSKCIGZLNOI8Y1"',
132 verbose headers   age: '194',
132 verbose headers   connection: 'keep-alive',
132 verbose headers   'x-served-by': 'cache-jfk1036-JFK',
132 verbose headers   'x-cache': 'HIT',
132 verbose headers   'x-cache-hits': '23',
132 verbose headers   'x-timer': 'S1454968111.289736,VS0,VE0',
132 verbose headers   vary: 'Accept' }
133 silly get cb [ 304,
133 silly get   { date: 'Mon, 08 Feb 2016 21:48:31 GMT',
133 silly get     via: '1.1 varnish',
133 silly get     'cache-control': 'max-age=300',
133 silly get     etag: '"X4KKFAC6YYZSKCIGZLNOI8Y1"',
133 silly get     age: '194',
133 silly get     connection: 'keep-alive',
133 silly get     'x-served-by': 'cache-jfk1036-JFK',
133 silly get     'x-cache': 'HIT',
133 silly get     'x-cache-hits': '23',
133 silly get     'x-timer': 'S1454968111.289736,VS0,VE0',
133 silly get     vary: 'Accept' } ]
134 verbose etag https://registry.npmjs.org/source-map from cache
135 verbose get saving source-map to /home/victorigor/.npm/registry.npmjs.org/source-map/.cache.json
136 http 304 https://registry.npmjs.org/mkdirp
137 verbose headers { date: 'Mon, 08 Feb 2016 21:48:31 GMT',
137 verbose headers   via: '1.1 varnish',
137 verbose headers   'cache-control': 'max-age=300',
137 verbose headers   etag: '"1UN03C3R3QL9SB0C2XYE052R5"',
137 verbose headers   age: '196',
137 verbose headers   connection: 'keep-alive',
137 verbose headers   'x-served-by': 'cache-jfk1026-JFK',
137 verbose headers   'x-cache': 'HIT',
137 verbose headers   'x-cache-hits': '25',
137 verbose headers   'x-timer': 'S1454968111.289796,VS0,VE0',
137 verbose headers   vary: 'Accept' }
138 silly get cb [ 304,
138 silly get   { date: 'Mon, 08 Feb 2016 21:48:31 GMT',
138 silly get     via: '1.1 varnish',
138 silly get     'cache-control': 'max-age=300',
138 silly get     etag: '"1UN03C3R3QL9SB0C2XYE052R5"',
138 silly get     age: '196',
138 silly get     connection: 'keep-alive',
138 silly get     'x-served-by': 'cache-jfk1026-JFK',
138 silly get     'x-cache': 'HIT',
138 silly get     'x-cache-hits': '25',
138 silly get     'x-timer': 'S1454968111.289796,VS0,VE0',
138 silly get     vary: 'Accept' } ]
139 verbose etag https://registry.npmjs.org/mkdirp from cache
140 verbose get saving mkdirp to /home/victorigor/.npm/registry.npmjs.org/mkdirp/.cache.json
141 http 304 https://registry.npmjs.org/glob
142 verbose headers { date: 'Mon, 08 Feb 2016 21:48:31 GMT',
142 verbose headers   via: '1.1 varnish',
142 verbose headers   'cache-control': 'max-age=300',
142 verbose headers   etag: '"AEVPOX1EDFC5M71KBLT9Z6MHB"',
142 verbose headers   age: '6',
142 verbose headers   connection: 'keep-alive',
142 verbose headers   'x-served-by': 'cache-jfk1028-JFK',
142 verbose headers   'x-cache': 'HIT',
142 verbose headers   'x-cache-hits': '3',
142 verbose headers   'x-timer': 'S1454968111.302293,VS0,VE0',
142 verbose headers   vary: 'Accept' }
143 silly get cb [ 304,
143 silly get   { date: 'Mon, 08 Feb 2016 21:48:31 GMT',
143 silly get     via: '1.1 varnish',
143 silly get     'cache-control': 'max-age=300',
143 silly get     etag: '"AEVPOX1EDFC5M71KBLT9Z6MHB"',
143 silly get     age: '6',
143 silly get     connection: 'keep-alive',
143 silly get     'x-served-by': 'cache-jfk1028-JFK',
143 silly get     'x-cache': 'HIT',
143 silly get     'x-cache-hits': '3',
143 silly get     'x-timer': 'S1454968111.302293,VS0,VE0',
143 silly get     vary: 'Accept' } ]
144 verbose etag https://registry.npmjs.org/glob from cache
145 verbose get saving glob to /home/victorigor/.npm/registry.npmjs.org/glob/.cache.json
146 silly resolveWithNewModule sax@0.5.8 checking installable status
147 silly cache add args [ 'sax@0.5.x', null ]
148 verbose cache add spec sax@0.5.x
149 silly cache add parsed spec Result {
149 silly cache add   raw: 'sax@0.5.x',
149 silly cache add   scope: null,
149 silly cache add   name: 'sax',
149 silly cache add   rawSpec: '0.5.x',
149 silly cache add   spec: '>=0.5.0 <0.6.0',
149 silly cache add   type: 'range' }
150 silly addNamed sax@>=0.5.0 <0.6.0
151 verbose addNamed ">=0.5.0 <0.6.0" is a valid semver range for sax
152 silly addNameRange { name: 'sax', range: '>=0.5.0 <0.6.0', hasData: false }
153 silly mapToRegistry name sax
154 silly mapToRegistry using default registry
155 silly mapToRegistry registry https://registry.npmjs.org/
156 silly mapToRegistry uri https://registry.npmjs.org/sax
157 verbose addNameRange registry:https://registry.npmjs.org/sax not in flight; fetching
158 silly resolveWithNewModule debug@2.2.0 checking installable status
159 silly cache add args [ 'debug@*', null ]
160 verbose cache add spec debug@*
161 silly cache add parsed spec Result {
161 silly cache add   raw: 'debug@*',
161 silly cache add   scope: null,
161 silly cache add   name: 'debug',
161 silly cache add   rawSpec: '*',
161 silly cache add   spec: '*',
161 silly cache add   type: 'range' }
162 silly addNamed debug@*
163 verbose addNamed "*" is a valid semver range for debug
164 silly addNameRange { name: 'debug', range: '*', hasData: false }
165 silly mapToRegistry name debug
166 silly mapToRegistry using default registry
167 silly mapToRegistry registry https://registry.npmjs.org/
168 silly mapToRegistry uri https://registry.npmjs.org/debug
169 verbose addNameRange registry:https://registry.npmjs.org/debug not in flight; fetching
170 silly resolveWithNewModule mkdirp@0.5.1 checking installable status
171 silly cache add args [ 'mkdirp@0.5.x', null ]
172 verbose cache add spec mkdirp@0.5.x
173 silly cache add parsed spec Result {
173 silly cache add   raw: 'mkdirp@0.5.x',
173 silly cache add   scope: null,
173 silly cache add   name: 'mkdirp',
173 silly cache add   rawSpec: '0.5.x',
173 silly cache add   spec: '>=0.5.0 <0.6.0',
173 silly cache add   type: 'range' }
174 silly addNamed mkdirp@>=0.5.0 <0.6.0
175 verbose addNamed ">=0.5.0 <0.6.0" is a valid semver range for mkdirp
176 silly addNameRange { name: 'mkdirp', range: '>=0.5.0 <0.6.0', hasData: false }
177 silly mapToRegistry name mkdirp
178 silly mapToRegistry using default registry
179 silly mapToRegistry registry https://registry.npmjs.org/
180 silly mapToRegistry uri https://registry.npmjs.org/mkdirp
181 verbose addNameRange registry:https://registry.npmjs.org/mkdirp not in flight; fetching
182 silly resolveWithNewModule css-parse@1.7.0 checking installable status
183 silly cache add args [ 'css-parse@1.7.x', null ]
184 verbose cache add spec css-parse@1.7.x
185 silly cache add parsed spec Result {
185 silly cache add   raw: 'css-parse@1.7.x',
185 silly cache add   scope: null,
185 silly cache add   name: 'css-parse',
185 silly cache add   rawSpec: '1.7.x',
185 silly cache add   spec: '>=1.7.0 <1.8.0',
185 silly cache add   type: 'range' }
186 silly addNamed css-parse@>=1.7.0 <1.8.0
187 verbose addNamed ">=1.7.0 <1.8.0" is a valid semver range for css-parse
188 silly addNameRange { name: 'css-parse', range: '>=1.7.0 <1.8.0', hasData: false }
189 silly mapToRegistry name css-parse
190 silly mapToRegistry using default registry
191 silly mapToRegistry registry https://registry.npmjs.org/
192 silly mapToRegistry uri https://registry.npmjs.org/css-parse
193 verbose addNameRange registry:https://registry.npmjs.org/css-parse not in flight; fetching
194 silly resolveWithNewModule source-map@0.1.43 checking installable status
195 silly cache add args [ 'source-map@0.1.x', null ]
196 verbose cache add spec source-map@0.1.x
197 silly cache add parsed spec Result {
197 silly cache add   raw: 'source-map@0.1.x',
197 silly cache add   scope: null,
197 silly cache add   name: 'source-map',
197 silly cache add   rawSpec: '0.1.x',
197 silly cache add   spec: '>=0.1.0 <0.2.0',
197 silly cache add   type: 'range' }
198 silly addNamed source-map@>=0.1.0 <0.2.0
199 verbose addNamed ">=0.1.0 <0.2.0" is a valid semver range for source-map
200 silly addNameRange { name: 'source-map', range: '>=0.1.0 <0.2.0', hasData: false }
201 silly mapToRegistry name source-map
202 silly mapToRegistry using default registry
203 silly mapToRegistry registry https://registry.npmjs.org/
204 silly mapToRegistry uri https://registry.npmjs.org/source-map
205 verbose addNameRange registry:https://registry.npmjs.org/source-map not in flight; fetching
206 silly resolveWithNewModule glob@3.2.11 checking installable status
207 silly cache add args [ 'glob@3.2.x', null ]
208 verbose cache add spec glob@3.2.x
209 silly cache add parsed spec Result {
209 silly cache add   raw: 'glob@3.2.x',
209 silly cache add   scope: null,
209 silly cache add   name: 'glob',
209 silly cache add   rawSpec: '3.2.x',
209 silly cache add   spec: '>=3.2.0 <3.3.0',
209 silly cache add   type: 'range' }
210 silly addNamed glob@>=3.2.0 <3.3.0
211 verbose addNamed ">=3.2.0 <3.3.0" is a valid semver range for glob
212 silly addNameRange { name: 'glob', range: '>=3.2.0 <3.3.0', hasData: false }
213 silly mapToRegistry name glob
214 silly mapToRegistry using default registry
215 silly mapToRegistry registry https://registry.npmjs.org/
216 silly mapToRegistry uri https://registry.npmjs.org/glob
217 verbose addNameRange registry:https://registry.npmjs.org/glob not in flight; fetching
218 verbose get https://registry.npmjs.org/sax not expired, no request
219 silly addNameRange number 2 { name: 'sax', range: '>=0.5.0 <0.6.0', hasData: true }
220 silly addNameRange versions [ 'sax',
220 silly addNameRange   [ '0.1.0',
220 silly addNameRange     '0.1.1',
220 silly addNameRange     '0.1.2',
220 silly addNameRange     '0.1.3',
220 silly addNameRange     '0.1.4',
220 silly addNameRange     '0.1.5',
220 silly addNameRange     '0.2.0',
220 silly addNameRange     '0.2.1',
220 silly addNameRange     '0.2.2',
220 silly addNameRange     '0.2.3',
220 silly addNameRange     '0.2.4',
220 silly addNameRange     '0.2.5',
220 silly addNameRange     '0.3.0',
220 silly addNameRange     '0.3.1',
220 silly addNameRange     '0.3.2',
220 silly addNameRange     '0.3.3',
220 silly addNameRange     '0.3.4',
220 silly addNameRange     '0.3.5',
220 silly addNameRange     '0.4.1',
220 silly addNameRange     '0.4.0',
220 silly addNameRange     '0.4.2',
220 silly addNameRange     '0.4.3',
220 silly addNameRange     '0.5.0',
220 silly addNameRange     '0.5.1',
220 silly addNameRange     '0.5.2',
220 silly addNameRange     '0.5.3',
220 silly addNameRange     '0.5.4',
220 silly addNameRange     '0.5.5',
220 silly addNameRange     '0.5.6',
220 silly addNameRange     '0.5.7',
220 silly addNameRange     '0.5.8',
220 silly addNameRange     '0.6.0',
220 silly addNameRange     '0.6.1',
220 silly addNameRange     '1.0.0',
220 silly addNameRange     '1.1.0',
220 silly addNameRange     '1.1.1',
220 silly addNameRange     '1.1.2',
220 silly addNameRange     '1.1.3',
220 silly addNameRange     '1.1.4',
220 silly addNameRange     '1.1.5' ] ]
221 silly addNamed sax@0.5.8
222 verbose addNamed "0.5.8" is a plain semver version for sax
223 verbose get https://registry.npmjs.org/debug not expired, no request
224 silly addNameRange number 2 { name: 'debug', range: '*', hasData: true }
225 silly addNameRange versions [ 'debug',
225 silly addNameRange   [ '0.0.1',
225 silly addNameRange     '0.1.0',
225 silly addNameRange     '0.2.0',
225 silly addNameRange     '0.3.0',
225 silly addNameRange     '0.4.0',
225 silly addNameRange     '0.4.1',
225 silly addNameRange     '0.5.0',
225 silly addNameRange     '0.6.0',
225 silly addNameRange     '0.7.0',
225 silly addNameRange     '0.7.1',
225 silly addNameRange     '0.7.2',
225 silly addNameRange     '0.7.3',
225 silly addNameRange     '0.7.4',
225 silly addNameRange     '0.8.0',
225 silly addNameRange     '0.8.1',
225 silly addNameRange     '1.0.0',
225 silly addNameRange     '1.0.1',
225 silly addNameRange     '1.0.2',
225 silly addNameRange     '1.0.3',
225 silly addNameRange     '1.0.4',
225 silly addNameRange     '2.0.0',
225 silly addNameRange     '2.1.0',
225 silly addNameRange     '2.1.1',
225 silly addNameRange     '2.1.2',
225 silly addNameRange     '2.1.3',
225 silly addNameRange     '2.2.0' ] ]
226 silly addNamed debug@2.2.0
227 verbose addNamed "2.2.0" is a plain semver version for debug
228 verbose get https://registry.npmjs.org/mkdirp not expired, no request
229 silly addNameRange number 2 { name: 'mkdirp', range: '>=0.5.0 <0.6.0', hasData: true }
230 silly addNameRange versions [ 'mkdirp',
230 silly addNameRange   [ '0.0.1',
230 silly addNameRange     '0.0.2',
230 silly addNameRange     '0.0.3',
230 silly addNameRange     '0.0.4',
230 silly addNameRange     '0.0.5',
230 silly addNameRange     '0.0.6',
230 silly addNameRange     '0.0.7',
230 silly addNameRange     '0.1.0',
230 silly addNameRange     '0.2.0',
230 silly addNameRange     '0.2.1',
230 silly addNameRange     '0.2.2',
230 silly addNameRange     '0.3.0',
230 silly addNameRange     '0.3.1',
230 silly addNameRange     '0.3.2',
230 silly addNameRange     '0.3.3',
230 silly addNameRange     '0.3.4',
230 silly addNameRange     '0.3.5',
230 silly addNameRange     '0.4.0',
230 silly addNameRange     '0.4.1',
230 silly addNameRange     '0.4.2',
230 silly addNameRange     '0.5.0',
230 silly addNameRange     '0.5.1' ] ]
231 silly addNamed mkdirp@0.5.1
232 verbose addNamed "0.5.1" is a plain semver version for mkdirp
233 verbose get https://registry.npmjs.org/css-parse not expired, no request
234 silly addNameRange number 2 { name: 'css-parse', range: '>=1.7.0 <1.8.0', hasData: true }
235 silly addNameRange versions [ 'css-parse',
235 silly addNameRange   [ '1.0.0',
235 silly addNameRange     '1.0.1',
235 silly addNameRange     '1.0.2',
235 silly addNameRange     '1.0.3',
235 silly addNameRange     '1.0.4',
235 silly addNameRange     '1.1.0',
235 silly addNameRange     '1.2.0',
235 silly addNameRange     '1.3.0',
235 silly addNameRange     '1.4.0',
235 silly addNameRange     '1.5.0',
235 silly addNameRange     '1.5.1',
235 silly addNameRange     '1.5.2',
235 silly addNameRange     '1.5.3',
235 silly addNameRange     '1.6.0',
235 silly addNameRange     '1.7.0',
235 silly addNameRange     '2.0.0' ] ]
236 silly addNamed css-parse@1.7.0
237 verbose addNamed "1.7.0" is a plain semver version for css-parse
238 verbose get https://registry.npmjs.org/source-map not expired, no request
239 silly addNameRange number 2 { name: 'source-map', range: '>=0.1.0 <0.2.0', hasData: true }
240 silly addNameRange versions [ 'source-map',
240 silly addNameRange   [ '0.0.0',
240 silly addNameRange     '0.1.0',
240 silly addNameRange     '0.1.1',
240 silly addNameRange     '0.1.2',
240 silly addNameRange     '0.1.3',
240 silly addNameRange     '0.1.4',
240 silly addNameRange     '0.1.5',
240 silly addNameRange     '0.1.6',
240 silly addNameRange     '0.1.7',
240 silly addNameRange     '0.1.8',
240 silly addNameRange     '0.1.9',
240 silly addNameRange     '0.1.10',
240 silly addNameRange     '0.1.11',
240 silly addNameRange     '0.1.12',
240 silly addNameRange     '0.1.13',
240 silly addNameRange     '0.1.14',
240 silly addNameRange     '0.1.15',
240 silly addNameRange     '0.1.16',
240 silly addNameRange     '0.1.17',
240 silly addNameRange     '0.1.18',
240 silly addNameRange     '0.1.19',
240 silly addNameRange     '0.1.20',
240 silly addNameRange     '0.1.21',
240 silly addNameRange     '0.1.22',
240 silly addNameRange     '0.1.23',
240 silly addNameRange     '0.1.24',
240 silly addNameRange     '0.1.25',
240 silly addNameRange     '0.1.26',
240 silly addNameRange     '0.1.27',
240 silly addNameRange     '0.1.28',
240 silly addNameRange     '0.1.29',
240 silly addNameRange     '0.1.30',
240 silly addNameRange     '0.1.31',
240 silly addNameRange     '0.1.32',
240 silly addNameRange     '0.1.33',
240 silly addNameRange     '0.1.34',
240 silly addNameRange     '0.1.35',
240 silly addNameRange     '0.1.36',
240 silly addNameRange     '0.1.37',
240 silly addNameRange     '0.1.38',
240 silly addNameRange     '0.1.39',
240 silly addNameRange     '0.1.40',
240 silly addNameRange     '0.1.41',
240 silly addNameRange     '0.1.42',
240 silly addNameRange     '0.1.43',
240 silly addNameRange     '0.2.0',
240 silly addNameRange     '0.3.0',
240 silly addNameRange     '0.4.0',
240 silly addNameRange     '0.4.1',
240 silly addNameRange     '0.4.2',
240 silly addNameRange     '0.4.3',
240 silly addNameRange     '0.4.4',
240 silly addNameRange     '0.5.0',
240 silly addNameRange     '0.5.1',
240 silly addNameRange     '0.5.2',
240 silly addNameRange     '0.5.3' ] ]
241 silly addNamed source-map@0.1.43
242 verbose addNamed "0.1.43" is a plain semver version for source-map
243 verbose get https://registry.npmjs.org/glob not expired, no request
244 silly addNameRange number 2 { name: 'glob', range: '>=3.2.0 <3.3.0', hasData: true }
245 silly addNameRange versions [ 'glob',
245 silly addNameRange   [ '1.1.0',
245 silly addNameRange     '2.0.9',
245 silly addNameRange     '2.0.8',
245 silly addNameRange     '2.0.7',
245 silly addNameRange     '2.1.0',
245 silly addNameRange     '3.0.0',
245 silly addNameRange     '3.0.1',
245 silly addNameRange     '3.1.0',
245 silly addNameRange     '3.1.1',
245 silly addNameRange     '3.1.2',
245 silly addNameRange     '3.1.3',
245 silly addNameRange     '3.1.4',
245 silly addNameRange     '3.1.5',
245 silly addNameRange     '3.1.6',
245 silly addNameRange     '3.1.7',
245 silly addNameRange     '3.1.9',
245 silly addNameRange     '3.1.10',
245 silly addNameRange     '3.1.11',
245 silly addNameRange     '3.1.12',
245 silly addNameRange     '3.1.13',
245 silly addNameRange     '3.1.14',
245 silly addNameRange     '3.1.15',
245 silly addNameRange     '3.1.16',
245 silly addNameRange     '3.1.17',
245 silly addNameRange     '3.1.18',
245 silly addNameRange     '3.1.19',
245 silly addNameRange     '3.1.20',
245 silly addNameRange     '3.1.21',
245 silly addNameRange     '3.2.0',
245 silly addNameRange     '3.2.1',
245 silly addNameRange     '3.2.3',
245 silly addNameRange     '3.2.4',
245 silly addNameRange     '3.2.5',
245 silly addNameRange     '3.2.6',
245 silly addNameRange     '3.2.7',
245 silly addNameRange     '3.2.8',
245 silly addNameRange     '3.2.9',
245 silly addNameRange     '3.2.10',
245 silly addNameRange     '3.2.11',
245 silly addNameRange     '4.0.0',
245 silly addNameRange     '4.0.1',
245 silly addNameRange     '4.0.2',
245 silly addNameRange     '4.0.3',
245 silly addNameRange     '4.0.4',
245 silly addNameRange     '4.0.5',
245 silly addNameRange     '4.0.6',
245 silly addNameRange     '4.1.2-beta',
245 silly addNameRange     '4.1.2',
245 silly addNameRange     '4.1.3',
245 silly addNameRange     '4.1.4',
245 silly addNameRange     '4.1.5',
245 silly addNameRange     '4.1.6',
245 silly addNameRange     '4.2.0',
245 silly addNameRange     '4.2.1',
245 silly addNameRange     '4.2.2',
245 silly addNameRange     '4.3.0',
245 silly addNameRange     '4.3.1',
245 silly addNameRange     '4.3.2',
245 silly addNameRange     '4.3.3',
245 silly addNameRange     '4.3.4',
245 silly addNameRange     '4.3.5',
245 silly addNameRange     '4.4.0',
245 silly addNameRange     '4.4.2',
245 silly addNameRange     '4.5.0',
245 silly addNameRange     '5.0.0',
245 silly addNameRange     '4.5.1',
245 silly addNameRange     '5.0.1',
245 silly addNameRange     '4.5.2',
245 silly addNameRange     '5.0.2',
245 silly addNameRange     '4.5.3',
245 silly addNameRange     '5.0.3',
245 silly addNameRange     '5.0.4',
245 silly addNameRange     '5.0.5',
245 silly addNameRange     '5.0.6',
245 silly addNameRange     '5.0.7',
245 silly addNameRange     '5.0.9',
245 silly addNameRange     '5.0.10',
245 silly addNameRange     '5.0.11',
245 silly addNameRange     '5.0.12',
245 silly addNameRange     '5.0.13',
245 silly addNameRange     '5.0.14',
245 silly addNameRange     '5.0.15',
245 silly addNameRange     '6.0.1',
245 silly addNameRange     '6.0.2',
245 silly addNameRange     '6.0.3',
245 silly addNameRange     '6.0.4' ] ]
246 silly addNamed glob@3.2.11
247 verbose addNamed "3.2.11" is a plain semver version for glob
248 silly cache afterAdd sax@0.5.8
249 verbose afterAdd /home/victorigor/.npm/sax/0.5.8/package/package.json not in flight; writing
250 silly cache afterAdd debug@2.2.0
251 verbose afterAdd /home/victorigor/.npm/debug/2.2.0/package/package.json not in flight; writing
252 silly cache afterAdd css-parse@1.7.0
253 verbose afterAdd /home/victorigor/.npm/css-parse/1.7.0/package/package.json not in flight; writing
254 silly cache afterAdd mkdirp@0.5.1
255 verbose afterAdd /home/victorigor/.npm/mkdirp/0.5.1/package/package.json not in flight; writing
256 silly cache afterAdd source-map@0.1.43
257 verbose afterAdd /home/victorigor/.npm/source-map/0.1.43/package/package.json not in flight; writing
258 silly cache afterAdd glob@3.2.11
259 verbose afterAdd /home/victorigor/.npm/glob/3.2.11/package/package.json not in flight; writing
260 verbose afterAdd /home/victorigor/.npm/sax/0.5.8/package/package.json written
261 verbose afterAdd /home/victorigor/.npm/debug/2.2.0/package/package.json written
262 verbose afterAdd /home/victorigor/.npm/css-parse/1.7.0/package/package.json written
263 verbose afterAdd /home/victorigor/.npm/mkdirp/0.5.1/package/package.json written
264 verbose afterAdd /home/victorigor/.npm/source-map/0.1.43/package/package.json written
265 verbose afterAdd /home/victorigor/.npm/glob/3.2.11/package/package.json written
266 silly fetchNamedPackageData ms
267 silly mapToRegistry name ms
268 silly mapToRegistry using default registry
269 silly mapToRegistry registry https://registry.npmjs.org/
270 silly mapToRegistry uri https://registry.npmjs.org/ms
271 verbose request uri https://registry.npmjs.org/ms
272 verbose request no auth needed
273 info attempt registry request try #1 at 17:49:11
274 verbose etag "4X8DDCRC9UFP9Y538PJGNDFXD"
275 http request GET https://registry.npmjs.org/ms
276 http 304 https://registry.npmjs.org/ms
277 verbose headers { date: 'Mon, 08 Feb 2016 21:48:32 GMT',
277 verbose headers   via: '1.1 varnish',
277 verbose headers   'cache-control': 'max-age=300',
277 verbose headers   etag: '"4X8DDCRC9UFP9Y538PJGNDFXD"',
277 verbose headers   age: '42',
277 verbose headers   connection: 'keep-alive',
277 verbose headers   'x-served-by': 'cache-jfk1033-JFK',
277 verbose headers   'x-cache': 'HIT',
277 verbose headers   'x-cache-hits': '3',
277 verbose headers   'x-timer': 'S1454968112.044062,VS0,VE0',
277 verbose headers   vary: 'Accept' }
278 silly get cb [ 304,
278 silly get   { date: 'Mon, 08 Feb 2016 21:48:32 GMT',
278 silly get     via: '1.1 varnish',
278 silly get     'cache-control': 'max-age=300',
278 silly get     etag: '"4X8DDCRC9UFP9Y538PJGNDFXD"',
278 silly get     age: '42',
278 silly get     connection: 'keep-alive',
278 silly get     'x-served-by': 'cache-jfk1033-JFK',
278 silly get     'x-cache': 'HIT',
278 silly get     'x-cache-hits': '3',
278 silly get     'x-timer': 'S1454968112.044062,VS0,VE0',
278 silly get     vary: 'Accept' } ]
279 verbose etag https://registry.npmjs.org/ms from cache
280 verbose get saving ms to /home/victorigor/.npm/registry.npmjs.org/ms/.cache.json
281 silly resolveWithNewModule ms@0.7.1 checking installable status
282 silly cache add args [ 'ms@0.7.1', null ]
283 verbose cache add spec ms@0.7.1
284 silly cache add parsed spec Result {
284 silly cache add   raw: 'ms@0.7.1',
284 silly cache add   scope: null,
284 silly cache add   name: 'ms',
284 silly cache add   rawSpec: '0.7.1',
284 silly cache add   spec: '0.7.1',
284 silly cache add   type: 'version' }
285 silly addNamed ms@0.7.1
286 verbose addNamed "0.7.1" is a plain semver version for ms
287 silly mapToRegistry name ms
288 silly mapToRegistry using default registry
289 silly mapToRegistry registry https://registry.npmjs.org/
290 silly mapToRegistry uri https://registry.npmjs.org/ms
291 verbose addNameVersion registry:https://registry.npmjs.org/ms not in flight; fetching
292 verbose get https://registry.npmjs.org/ms not expired, no request
293 silly cache afterAdd ms@0.7.1
294 verbose afterAdd /home/victorigor/.npm/ms/0.7.1/package/package.json not in flight; writing
295 verbose afterAdd /home/victorigor/.npm/ms/0.7.1/package/package.json written
296 silly fetchNamedPackageData inherits
297 silly mapToRegistry name inherits
298 silly mapToRegistry using default registry
299 silly mapToRegistry registry https://registry.npmjs.org/
300 silly mapToRegistry uri https://registry.npmjs.org/inherits
301 silly fetchNamedPackageData minimatch
302 silly mapToRegistry name minimatch
303 silly mapToRegistry using default registry
304 silly mapToRegistry registry https://registry.npmjs.org/
305 silly mapToRegistry uri https://registry.npmjs.org/minimatch
306 verbose request uri https://registry.npmjs.org/inherits
307 verbose request no auth needed
308 info attempt registry request try #1 at 17:49:12
309 verbose etag "9X8QQPTMEHBKEGT3NRFBWEXFL"
310 http request GET https://registry.npmjs.org/inherits
311 verbose request uri https://registry.npmjs.org/minimatch
312 verbose request no auth needed
313 info attempt registry request try #1 at 17:49:12
314 verbose etag "8HS6SGP4P79QYX2D5VF5NHA4V"
315 http request GET https://registry.npmjs.org/minimatch
316 http 304 https://registry.npmjs.org/inherits
317 verbose headers { date: 'Mon, 08 Feb 2016 21:48:32 GMT',
317 verbose headers   via: '1.1 varnish',
317 verbose headers   'cache-control': 'max-age=300',
317 verbose headers   etag: '"9X8QQPTMEHBKEGT3NRFBWEXFL"',
317 verbose headers   age: '159',
317 verbose headers   connection: 'keep-alive',
317 verbose headers   'x-served-by': 'cache-jfk1045-JFK',
317 verbose headers   'x-cache': 'HIT',
317 verbose headers   'x-cache-hits': '23',
317 verbose headers   'x-timer': 'S1454968112.662682,VS0,VE0',
317 verbose headers   vary: 'Accept' }
318 silly get cb [ 304,
318 silly get   { date: 'Mon, 08 Feb 2016 21:48:32 GMT',
318 silly get     via: '1.1 varnish',
318 silly get     'cache-control': 'max-age=300',
318 silly get     etag: '"9X8QQPTMEHBKEGT3NRFBWEXFL"',
318 silly get     age: '159',
318 silly get     connection: 'keep-alive',
318 silly get     'x-served-by': 'cache-jfk1045-JFK',
318 silly get     'x-cache': 'HIT',
318 silly get     'x-cache-hits': '23',
318 silly get     'x-timer': 'S1454968112.662682,VS0,VE0',
318 silly get     vary: 'Accept' } ]
319 verbose etag https://registry.npmjs.org/inherits from cache
320 verbose get saving inherits to /home/victorigor/.npm/registry.npmjs.org/inherits/.cache.json
321 silly resolveWithNewModule inherits@2.0.1 checking installable status
322 silly cache add args [ 'inherits@2', null ]
323 verbose cache add spec inherits@2
324 silly cache add parsed spec Result {
324 silly cache add   raw: 'inherits@2',
324 silly cache add   scope: null,
324 silly cache add   name: 'inherits',
324 silly cache add   rawSpec: '2',
324 silly cache add   spec: '>=2.0.0 <3.0.0',
324 silly cache add   type: 'range' }
325 silly addNamed inherits@>=2.0.0 <3.0.0
326 verbose addNamed ">=2.0.0 <3.0.0" is a valid semver range for inherits
327 silly addNameRange { name: 'inherits', range: '>=2.0.0 <3.0.0', hasData: false }
328 silly mapToRegistry name inherits
329 silly mapToRegistry using default registry
330 silly mapToRegistry registry https://registry.npmjs.org/
331 silly mapToRegistry uri https://registry.npmjs.org/inherits
332 verbose addNameRange registry:https://registry.npmjs.org/inherits not in flight; fetching
333 http 304 https://registry.npmjs.org/minimatch
334 verbose headers { date: 'Mon, 08 Feb 2016 21:48:32 GMT',
334 verbose headers   via: '1.1 varnish',
334 verbose headers   'cache-control': 'max-age=300',
334 verbose headers   etag: '"8HS6SGP4P79QYX2D5VF5NHA4V"',
334 verbose headers   age: '83',
334 verbose headers   connection: 'keep-alive',
334 verbose headers   'x-served-by': 'cache-jfk1026-JFK',
334 verbose headers   'x-cache': 'HIT',
334 verbose headers   'x-cache-hits': '11',
334 verbose headers   'x-timer': 'S1454968112.669098,VS0,VE0',
334 verbose headers   vary: 'Accept' }
335 silly get cb [ 304,
335 silly get   { date: 'Mon, 08 Feb 2016 21:48:32 GMT',
335 silly get     via: '1.1 varnish',
335 silly get     'cache-control': 'max-age=300',
335 silly get     etag: '"8HS6SGP4P79QYX2D5VF5NHA4V"',
335 silly get     age: '83',
335 silly get     connection: 'keep-alive',
335 silly get     'x-served-by': 'cache-jfk1026-JFK',
335 silly get     'x-cache': 'HIT',
335 silly get     'x-cache-hits': '11',
335 silly get     'x-timer': 'S1454968112.669098,VS0,VE0',
335 silly get     vary: 'Accept' } ]
336 verbose etag https://registry.npmjs.org/minimatch from cache
337 verbose get saving minimatch to /home/victorigor/.npm/registry.npmjs.org/minimatch/.cache.json
338 verbose get https://registry.npmjs.org/inherits not expired, no request
339 silly addNameRange number 2 { name: 'inherits', range: '>=2.0.0 <3.0.0', hasData: true }
340 silly addNameRange versions [ 'inherits', [ '1.0.0', '2.0.0', '2.0.1', '1.0.1', '1.0.2' ] ]
341 silly addNamed inherits@2.0.1
342 verbose addNamed "2.0.1" is a plain semver version for inherits
343 silly cache afterAdd inherits@2.0.1
344 verbose afterAdd /home/victorigor/.npm/inherits/2.0.1/package/package.json not in flight; writing
345 silly resolveWithNewModule minimatch@0.3.0 checking installable status
346 silly cache add args [ 'minimatch@0.3', null ]
347 verbose cache add spec minimatch@0.3
348 silly cache add parsed spec Result {
348 silly cache add   raw: 'minimatch@0.3',
348 silly cache add   scope: null,
348 silly cache add   name: 'minimatch',
348 silly cache add   rawSpec: '0.3',
348 silly cache add   spec: '>=0.3.0 <0.4.0',
348 silly cache add   type: 'range' }
349 silly addNamed minimatch@>=0.3.0 <0.4.0
350 verbose addNamed ">=0.3.0 <0.4.0" is a valid semver range for minimatch
351 silly addNameRange { name: 'minimatch', range: '>=0.3.0 <0.4.0', hasData: false }
352 silly mapToRegistry name minimatch
353 silly mapToRegistry using default registry
354 silly mapToRegistry registry https://registry.npmjs.org/
355 silly mapToRegistry uri https://registry.npmjs.org/minimatch
356 verbose addNameRange registry:https://registry.npmjs.org/minimatch not in flight; fetching
357 verbose afterAdd /home/victorigor/.npm/inherits/2.0.1/package/package.json written
358 verbose get https://registry.npmjs.org/minimatch not expired, no request
359 silly addNameRange number 2 { name: 'minimatch', range: '>=0.3.0 <0.4.0', hasData: true }
360 silly addNameRange versions [ 'minimatch',
360 silly addNameRange   [ '0.0.1',
360 silly addNameRange     '0.0.2',
360 silly addNameRange     '0.0.4',
360 silly addNameRange     '0.0.5',
360 silly addNameRange     '0.1.1',
360 silly addNameRange     '0.1.2',
360 silly addNameRange     '0.1.3',
360 silly addNameRange     '0.1.4',
360 silly addNameRange     '0.1.5',
360 silly addNameRange     '0.2.0',
360 silly addNameRange     '0.2.2',
360 silly addNameRange     '0.2.3',
360 silly addNameRange     '0.2.4',
360 silly addNameRange     '0.2.5',
360 silly addNameRange     '0.2.6',
360 silly addNameRange     '0.2.7',
360 silly addNameRange     '0.2.8',
360 silly addNameRange     '0.2.9',
360 silly addNameRange     '0.2.10',
360 silly addNameRange     '0.2.11',
360 silly addNameRange     '0.2.12',
360 silly addNameRange     '0.2.13',
360 silly addNameRange     '0.2.14',
360 silly addNameRange     '0.3.0',
360 silly addNameRange     '0.4.0',
360 silly addNameRange     '1.0.0',
360 silly addNameRange     '2.0.0',
360 silly addNameRange     '2.0.1',
360 silly addNameRange     '2.0.2',
360 silly addNameRange     '2.0.3',
360 silly addNameRange     '2.0.4',
360 silly addNameRange     '2.0.5',
360 silly addNameRange     '2.0.6',
360 silly addNameRange     '2.0.7',
360 silly addNameRange     '2.0.8',
360 silly addNameRange     '2.0.9',
360 silly addNameRange     '2.0.10',
360 silly addNameRange     '3.0.0' ] ]
361 silly addNamed minimatch@0.3.0
362 verbose addNamed "0.3.0" is a plain semver version for minimatch
363 silly cache afterAdd minimatch@0.3.0
364 verbose afterAdd /home/victorigor/.npm/minimatch/0.3.0/package/package.json not in flight; writing
365 verbose afterAdd /home/victorigor/.npm/minimatch/0.3.0/package/package.json written
366 silly fetchNamedPackageData lru-cache
367 silly mapToRegistry name lru-cache
368 silly mapToRegistry using default registry
369 silly mapToRegistry registry https://registry.npmjs.org/
370 silly mapToRegistry uri https://registry.npmjs.org/lru-cache
371 silly fetchNamedPackageData sigmund
372 silly mapToRegistry name sigmund
373 silly mapToRegistry using default registry
374 silly mapToRegistry registry https://registry.npmjs.org/
375 silly mapToRegistry uri https://registry.npmjs.org/sigmund
376 verbose request uri https://registry.npmjs.org/sigmund
377 verbose request no auth needed
378 info attempt registry request try #1 at 17:49:13
379 verbose etag "1TUX00X8YEKNFED6GGWS214S3"
380 http request GET https://registry.npmjs.org/sigmund
381 verbose request uri https://registry.npmjs.org/lru-cache
382 verbose request no auth needed
383 info attempt registry request try #1 at 17:49:13
384 verbose etag "7CI0NKK8QZ7JAGBNVAHHLOEKD"
385 http request GET https://registry.npmjs.org/lru-cache
386 http 304 https://registry.npmjs.org/sigmund
387 verbose headers { date: 'Mon, 08 Feb 2016 21:48:33 GMT',
387 verbose headers   via: '1.1 varnish',
387 verbose headers   'cache-control': 'max-age=300',
387 verbose headers   etag: '"1TUX00X8YEKNFED6GGWS214S3"',
387 verbose headers   age: '291',
387 verbose headers   connection: 'keep-alive',
387 verbose headers   'x-served-by': 'cache-jfk1023-JFK',
387 verbose headers   'x-cache': 'HIT',
387 verbose headers   'x-cache-hits': '29',
387 verbose headers   'x-timer': 'S1454968113.324615,VS0,VE0',
387 verbose headers   vary: 'Accept' }
388 silly get cb [ 304,
388 silly get   { date: 'Mon, 08 Feb 2016 21:48:33 GMT',
388 silly get     via: '1.1 varnish',
388 silly get     'cache-control': 'max-age=300',
388 silly get     etag: '"1TUX00X8YEKNFED6GGWS214S3"',
388 silly get     age: '291',
388 silly get     connection: 'keep-alive',
388 silly get     'x-served-by': 'cache-jfk1023-JFK',
388 silly get     'x-cache': 'HIT',
388 silly get     'x-cache-hits': '29',
388 silly get     'x-timer': 'S1454968113.324615,VS0,VE0',
388 silly get     vary: 'Accept' } ]
389 verbose etag https://registry.npmjs.org/sigmund from cache
390 verbose get saving sigmund to /home/victorigor/.npm/registry.npmjs.org/sigmund/.cache.json
391 silly resolveWithNewModule sigmund@1.0.1 checking installable status
392 silly cache add args [ 'sigmund@~1.0.0', null ]
393 verbose cache add spec sigmund@~1.0.0
394 silly cache add parsed spec Result {
394 silly cache add   raw: 'sigmund@~1.0.0',
394 silly cache add   scope: null,
394 silly cache add   name: 'sigmund',
394 silly cache add   rawSpec: '~1.0.0',
394 silly cache add   spec: '>=1.0.0 <1.1.0',
394 silly cache add   type: 'range' }
395 silly addNamed sigmund@>=1.0.0 <1.1.0
396 verbose addNamed ">=1.0.0 <1.1.0" is a valid semver range for sigmund
397 silly addNameRange { name: 'sigmund', range: '>=1.0.0 <1.1.0', hasData: false }
398 silly mapToRegistry name sigmund
399 silly mapToRegistry using default registry
400 silly mapToRegistry registry https://registry.npmjs.org/
401 silly mapToRegistry uri https://registry.npmjs.org/sigmund
402 verbose addNameRange registry:https://registry.npmjs.org/sigmund not in flight; fetching
403 http 304 https://registry.npmjs.org/lru-cache
404 verbose headers { date: 'Mon, 08 Feb 2016 21:48:33 GMT',
404 verbose headers   via: '1.1 varnish',
404 verbose headers   'cache-control': 'max-age=300',
404 verbose headers   etag: '"7CI0NKK8QZ7JAGBNVAHHLOEKD"',
404 verbose headers   age: '134',
404 verbose headers   connection: 'keep-alive',
404 verbose headers   'x-served-by': 'cache-jfk1047-JFK',
404 verbose headers   'x-cache': 'HIT',
404 verbose headers   'x-cache-hits': '11',
404 verbose headers   'x-timer': 'S1454968113.330488,VS0,VE0',
404 verbose headers   vary: 'Accept' }
405 silly get cb [ 304,
405 silly get   { date: 'Mon, 08 Feb 2016 21:48:33 GMT',
405 silly get     via: '1.1 varnish',
405 silly get     'cache-control': 'max-age=300',
405 silly get     etag: '"7CI0NKK8QZ7JAGBNVAHHLOEKD"',
405 silly get     age: '134',
405 silly get     connection: 'keep-alive',
405 silly get     'x-served-by': 'cache-jfk1047-JFK',
405 silly get     'x-cache': 'HIT',
405 silly get     'x-cache-hits': '11',
405 silly get     'x-timer': 'S1454968113.330488,VS0,VE0',
405 silly get     vary: 'Accept' } ]
406 verbose etag https://registry.npmjs.org/lru-cache from cache
407 verbose get saving lru-cache to /home/victorigor/.npm/registry.npmjs.org/lru-cache/.cache.json
408 verbose get https://registry.npmjs.org/sigmund not expired, no request
409 silly addNameRange number 2 { name: 'sigmund', range: '>=1.0.0 <1.1.0', hasData: true }
410 silly addNameRange versions [ 'sigmund', [ '1.0.0', '1.0.1' ] ]
411 silly addNamed sigmund@1.0.1
412 verbose addNamed "1.0.1" is a plain semver version for sigmund
413 silly cache afterAdd sigmund@1.0.1
414 verbose afterAdd /home/victorigor/.npm/sigmund/1.0.1/package/package.json not in flight; writing
415 silly resolveWithNewModule lru-cache@2.7.3 checking installable status
416 silly cache add args [ 'lru-cache@2', null ]
417 verbose cache add spec lru-cache@2
418 silly cache add parsed spec Result {
418 silly cache add   raw: 'lru-cache@2',
418 silly cache add   scope: null,
418 silly cache add   name: 'lru-cache',
418 silly cache add   rawSpec: '2',
418 silly cache add   spec: '>=2.0.0 <3.0.0',
418 silly cache add   type: 'range' }
419 silly addNamed lru-cache@>=2.0.0 <3.0.0
420 verbose addNamed ">=2.0.0 <3.0.0" is a valid semver range for lru-cache
421 silly addNameRange { name: 'lru-cache', range: '>=2.0.0 <3.0.0', hasData: false }
422 silly mapToRegistry name lru-cache
423 silly mapToRegistry using default registry
424 silly mapToRegistry registry https://registry.npmjs.org/
425 silly mapToRegistry uri https://registry.npmjs.org/lru-cache
426 verbose addNameRange registry:https://registry.npmjs.org/lru-cache not in flight; fetching
427 verbose get https://registry.npmjs.org/lru-cache not expired, no request
428 silly addNameRange number 2 { name: 'lru-cache', range: '>=2.0.0 <3.0.0', hasData: true }
429 silly addNameRange versions [ 'lru-cache',
429 silly addNameRange   [ '1.0.1',
429 silly addNameRange     '1.0.2',
429 silly addNameRange     '1.0.3',
429 silly addNameRange     '1.0.4',
429 silly addNameRange     '1.0.5',
429 silly addNameRange     '1.0.6',
429 silly addNameRange     '1.1.0',
429 silly addNameRange     '1.1.1',
429 silly addNameRange     '2.0.0',
429 silly addNameRange     '2.0.1',
429 silly addNameRange     '2.0.2',
429 silly addNameRange     '2.0.3',
429 silly addNameRange     '2.0.4',
429 silly addNameRange     '2.1.0',
429 silly addNameRange     '2.2.0',
429 silly addNameRange     '2.2.1',
429 silly addNameRange     '2.2.2',
429 silly addNameRange     '2.2.4',
429 silly addNameRange     '2.3.0',
429 silly addNameRange     '2.3.1',
429 silly addNameRange     '2.5.0',
429 silly addNameRange     '2.5.1',
429 silly addNameRange     '2.5.2',
429 silly addNameRange     '2.6.0',
429 silly addNameRange     '2.6.1',
429 silly addNameRange     '2.6.2',
429 silly addNameRange     '2.6.3',
429 silly addNameRange     '2.6.4',
429 silly addNameRange     '2.6.5',
429 silly addNameRange     '2.7.0',
429 silly addNameRange     '2.7.1',
429 silly addNameRange     '2.7.2',
429 silly addNameRange     '2.7.3',
429 silly addNameRange     '3.0.0',
429 silly addNameRange     '3.1.0',
429 silly addNameRange     '3.1.1',
429 silly addNameRange     '3.1.2',
429 silly addNameRange     '3.2.0',
429 silly addNameRange     '4.0.0' ] ]
430 silly addNamed lru-cache@2.7.3
431 verbose addNamed "2.7.3" is a plain semver version for lru-cache
432 verbose afterAdd /home/victorigor/.npm/sigmund/1.0.1/package/package.json written
433 silly cache afterAdd lru-cache@2.7.3
434 verbose afterAdd /home/victorigor/.npm/lru-cache/2.7.3/package/package.json not in flight; writing
435 verbose afterAdd /home/victorigor/.npm/lru-cache/2.7.3/package/package.json written
436 silly fetchNamedPackageData minimist
437 silly mapToRegistry name minimist
438 silly mapToRegistry using default registry
439 silly mapToRegistry registry https://registry.npmjs.org/
440 silly mapToRegistry uri https://registry.npmjs.org/minimist
441 verbose request uri https://registry.npmjs.org/minimist
442 verbose request no auth needed
443 info attempt registry request try #1 at 17:49:13
444 verbose etag "33Q5NFWRXEL947VB7A1QVINGS"
445 http request GET https://registry.npmjs.org/minimist
446 http 304 https://registry.npmjs.org/minimist
447 verbose headers { date: 'Mon, 08 Feb 2016 21:48:33 GMT',
447 verbose headers   via: '1.1 varnish',
447 verbose headers   'cache-control': 'max-age=300',
447 verbose headers   etag: '"33Q5NFWRXEL947VB7A1QVINGS"',
447 verbose headers   age: '31',
447 verbose headers   connection: 'keep-alive',
447 verbose headers   'x-served-by': 'cache-jfk1033-JFK',
447 verbose headers   'x-cache': 'HIT',
447 verbose headers   'x-cache-hits': '3',
447 verbose headers   'x-timer': 'S1454968113.993439,VS0,VE0',
447 verbose headers   vary: 'Accept' }
448 silly get cb [ 304,
448 silly get   { date: 'Mon, 08 Feb 2016 21:48:33 GMT',
448 silly get     via: '1.1 varnish',
448 silly get     'cache-control': 'max-age=300',
448 silly get     etag: '"33Q5NFWRXEL947VB7A1QVINGS"',
448 silly get     age: '31',
448 silly get     connection: 'keep-alive',
448 silly get     'x-served-by': 'cache-jfk1033-JFK',
448 silly get     'x-cache': 'HIT',
448 silly get     'x-cache-hits': '3',
448 silly get     'x-timer': 'S1454968113.993439,VS0,VE0',
448 silly get     vary: 'Accept' } ]
449 verbose etag https://registry.npmjs.org/minimist from cache
450 verbose get saving minimist to /home/victorigor/.npm/registry.npmjs.org/minimist/.cache.json
451 silly resolveWithNewModule minimist@0.0.8 checking installable status
452 silly cache add args [ 'minimist@0.0.8', null ]
453 verbose cache add spec minimist@0.0.8
454 silly cache add parsed spec Result {
454 silly cache add   raw: 'minimist@0.0.8',
454 silly cache add   scope: null,
454 silly cache add   name: 'minimist',
454 silly cache add   rawSpec: '0.0.8',
454 silly cache add   spec: '0.0.8',
454 silly cache add   type: 'version' }
455 silly addNamed minimist@0.0.8
456 verbose addNamed "0.0.8" is a plain semver version for minimist
457 silly mapToRegistry name minimist
458 silly mapToRegistry using default registry
459 silly mapToRegistry registry https://registry.npmjs.org/
460 silly mapToRegistry uri https://registry.npmjs.org/minimist
461 verbose addNameVersion registry:https://registry.npmjs.org/minimist not in flight; fetching
462 verbose get https://registry.npmjs.org/minimist not expired, no request
463 silly cache afterAdd minimist@0.0.8
464 verbose afterAdd /home/victorigor/.npm/minimist/0.0.8/package/package.json not in flight; writing
465 verbose afterAdd /home/victorigor/.npm/minimist/0.0.8/package/package.json written
466 silly fetchNamedPackageData amdefine
467 silly mapToRegistry name amdefine
468 silly mapToRegistry using default registry
469 silly mapToRegistry registry https://registry.npmjs.org/
470 silly mapToRegistry uri https://registry.npmjs.org/amdefine
471 verbose request uri https://registry.npmjs.org/amdefine
472 verbose request no auth needed
473 info attempt registry request try #1 at 17:49:14
474 verbose etag "6U9GHH4I8CAX7G1R4EWYEO1Z9"
475 http request GET https://registry.npmjs.org/amdefine
476 http 304 https://registry.npmjs.org/amdefine
477 verbose headers { date: 'Mon, 08 Feb 2016 21:48:34 GMT',
477 verbose headers   via: '1.1 varnish',
477 verbose headers   'cache-control': 'max-age=300',
477 verbose headers   etag: '"6U9GHH4I8CAX7G1R4EWYEO1Z9"',
477 verbose headers   age: '296',
477 verbose headers   connection: 'keep-alive',
477 verbose headers   'x-served-by': 'cache-jfk1045-JFK',
477 verbose headers   'x-cache': 'HIT',
477 verbose headers   'x-cache-hits': '27',
477 verbose headers   'x-timer': 'S1454968114.639464,VS0,VE0',
477 verbose headers   vary: 'Accept' }
478 silly get cb [ 304,
478 silly get   { date: 'Mon, 08 Feb 2016 21:48:34 GMT',
478 silly get     via: '1.1 varnish',
478 silly get     'cache-control': 'max-age=300',
478 silly get     etag: '"6U9GHH4I8CAX7G1R4EWYEO1Z9"',
478 silly get     age: '296',
478 silly get     connection: 'keep-alive',
478 silly get     'x-served-by': 'cache-jfk1045-JFK',
478 silly get     'x-cache': 'HIT',
478 silly get     'x-cache-hits': '27',
478 silly get     'x-timer': 'S1454968114.639464,VS0,VE0',
478 silly get     vary: 'Accept' } ]
479 verbose etag https://registry.npmjs.org/amdefine from cache
480 verbose get saving amdefine to /home/victorigor/.npm/registry.npmjs.org/amdefine/.cache.json
481 silly resolveWithNewModule amdefine@1.0.0 checking installable status
482 silly cache add args [ 'amdefine@>=0.0.4', null ]
483 verbose cache add spec amdefine@>=0.0.4
484 silly cache add parsed spec Result {
484 silly cache add   raw: 'amdefine@>=0.0.4',
484 silly cache add   scope: null,
484 silly cache add   name: 'amdefine',
484 silly cache add   rawSpec: '>=0.0.4',
484 silly cache add   spec: '>=0.0.4',
484 silly cache add   type: 'range' }
485 silly addNamed amdefine@>=0.0.4
486 verbose addNamed ">=0.0.4" is a valid semver range for amdefine
487 silly addNameRange { name: 'amdefine', range: '>=0.0.4', hasData: false }
488 silly mapToRegistry name amdefine
489 silly mapToRegistry using default registry
490 silly mapToRegistry registry https://registry.npmjs.org/
491 silly mapToRegistry uri https://registry.npmjs.org/amdefine
492 verbose addNameRange registry:https://registry.npmjs.org/amdefine not in flight; fetching
493 verbose get https://registry.npmjs.org/amdefine not expired, no request
494 silly addNameRange number 2 { name: 'amdefine', range: '>=0.0.4', hasData: true }
495 silly addNameRange versions [ 'amdefine',
495 silly addNameRange   [ '0.0.1',
495 silly addNameRange     '0.0.2',
495 silly addNameRange     '0.0.3',
495 silly addNameRange     '0.0.4',
495 silly addNameRange     '0.0.5',
495 silly addNameRange     '0.0.6',
495 silly addNameRange     '0.0.7',
495 silly addNameRange     '0.0.8',
495 silly addNameRange     '0.1.0',
495 silly addNameRange     '0.1.1',
495 silly addNameRange     '1.0.0' ] ]
496 silly addNamed amdefine@1.0.0
497 verbose addNamed "1.0.0" is a plain semver version for amdefine
498 silly cache afterAdd amdefine@1.0.0
499 verbose afterAdd /home/victorigor/.npm/amdefine/1.0.0/package/package.json not in flight; writing
500 verbose afterAdd /home/victorigor/.npm/amdefine/1.0.0/package/package.json written
501 silly loadAllDepsIntoIdealTree Finishing
502 silly idealTree:prePrune lib
502 silly idealTree:prePrune  stylus@0.53.0
502 silly idealTree:prePrune    amdefine@1.0.0
502 silly idealTree:prePrune    css-parse@1.7.0
502 silly idealTree:prePrune    debug@2.2.0
502 silly idealTree:prePrune    glob@3.2.11
502 silly idealTree:prePrune    inherits@2.0.1
502 silly idealTree:prePrune    lru-cache@2.7.3
502 silly idealTree:prePrune    minimatch@0.3.0
502 silly idealTree:prePrune    minimist@0.0.8
502 silly idealTree:prePrune    mkdirp@0.5.1
502 silly idealTree:prePrune    ms@0.7.1
502 silly idealTree:prePrune    sax@0.5.8
502 silly idealTree:prePrune    sigmund@1.0.1
502 silly idealTree:prePrune    source-map@0.1.43
503 silly loadIdealTree Finishing
504 silly currentTree lib
505 silly idealTree lib
505 silly idealTree  stylus@0.53.0
505 silly idealTree    amdefine@1.0.0
505 silly idealTree    css-parse@1.7.0
505 silly idealTree    debug@2.2.0
505 silly idealTree    glob@3.2.11
505 silly idealTree    inherits@2.0.1
505 silly idealTree    lru-cache@2.7.3
505 silly idealTree    minimatch@0.3.0
505 silly idealTree    minimist@0.0.8
505 silly idealTree    mkdirp@0.5.1
505 silly idealTree    ms@0.7.1
505 silly idealTree    sax@0.5.8
505 silly idealTree    sigmund@1.0.1
505 silly idealTree    source-map@0.1.43
506 silly generateActionsToTake Starting
507 silly install generateActionsToTake
508 warn checkPermissions Missing write access to /usr/lib
509 silly rollbackFailedOptional Starting
510 silly rollbackFailedOptional Finishing
511 silly runTopLevelLifecycles Starting
512 silly runTopLevelLifecycles Finishing
513 silly install printInstalled
514 verbose stack Error: EACCES: permission denied, access '/usr/lib'
514 verbose stack     at Error (native)
515 verbose cwd /home/victorigor/rea de Trabalho/My blog /will-jekyll-template/src/styl
516 error Linux 3.19.0-47-generic
517 error argv "/usr/bin/nodejs" "/usr/local/bin/npm" "i" "-g" "stylus"
518 error node v5.4.1
519 error npm  v3.3.12
520 error path /usr/lib
521 error code EACCES
522 error errno -13
523 error syscall access
524 error Error: EACCES: permission denied, access '/usr/lib'
524 error     at Error (native)
524 error  { [Error: EACCES: permission denied, access '/usr/lib']
524 error   errno: -13,
524 error   code: 'EACCES',
524 error   syscall: 'access',
524 error   path: '/usr/lib' }
525 error Please try running this command again as root/Administrator.
526 verbose exit [ -13, true ]
